Build started 5/31/2011 3:22:57 AM.
     1>Project "C:\Users\Ashish\documents\visual studio 2010\Projects\RSEngine\RSEngine\RSEngine.vcxproj" on node 2 (build target(s)).
     1>C:\Program Files (x86)\MSBuild\Microsoft.Cpp\v4.0\Microsoft.CppBuild.targets(298,5): warning MSB8004: Intermediate Directory does not end with a trailing slash.  This build instance will add the slash as it is required to allow proper evaluation of the Intermediate Directory.
     1>InitializeBuildStatus:
         Touching "..\Obj\Debug\RSEngine\RSEngine.unsuccessfulbuild".
       ClCompile:
         C:\Program Files (x86)\Microsoft Visual Studio 10.0\VC\bin\CL.exe /c /I"C:\Users\Ashish\Documents\Visual Studio 2010\Projects\RSEngine\Check" /I"C:\Users\Ashish\Documents\Visual Studio 2010\Projects\RSEngine\Include" /I"C:\Users\Ashish\Documents\Visual Studio 2010\Projects\RSEngine\RSEngine\Include" /ZI /nologo /W3 /WX- /Od /Oy- /D WIN32 /D _DEBUG /D _WINDOWS /D _UNICODE /D UNICODE /Gm /EHsc /RTC1 /MDd /GS /fp:precise /Zc:wchar_t /Zc:forScope /Fo"..\Obj\Debug\RSEngine\\" /Fd"..\Obj\Debug\RSEngine\vc100.pdb" /Gd /TP /analyze- /errorReport:prompt Src\RSOgreHandler.cpp
         RSOgreHandler.cpp
       ManifestResourceCompile:
         All outputs are up-to-date.
       Link:
         C:\Program Files (x86)\Microsoft Visual Studio 10.0\VC\bin\link.exe /ERRORREPORT:PROMPT /OUT:"..\build\Debug\RSEngine.exe" /INCREMENTAL /NOLOGO /LIBPATH:"C:\Users\Ashish\Documents\Visual Studio 2010\Projects\RSEngine\lib\debug" OgreMain_d.lib OIS_d.lib kernel32.lib user32.lib gdi32.lib winspool.lib comdlg32.lib advapi32.lib shell32.lib ole32.lib oleaut32.lib uuid.lib odbc32.lib odbccp32.lib /MANIFEST /ManifestFile:"..\Obj\Debug\RSEngine\RSEngine.exe.intermediate.manifest" /MANIFESTUAC:"level='asInvoker' uiAccess='false'" /DEBUG /PDB:"C:\Users\Ashish\documents\visual studio 2010\Projects\RSEngine\build\Debug\RSEngine.pdb" /SUBSYSTEM:CONSOLE /TLBID:1 /DYNAMICBASE /NXCOMPAT /IMPLIB:"..\build\Debug\RSEngine.lib" /MACHINE:X86 ..\Obj\Debug\RSEngine\RSEngine.exe.embed.manifest.res
         ..\Obj\Debug\RSEngine\CheckGameApp.obj
         ..\Obj\Debug\RSEngine\CheckScene.obj
         ..\Obj\Debug\RSEngine\main.obj
         ..\Obj\Debug\RSEngine\RSApplicationLayer.obj
         ..\Obj\Debug\RSEngine\RSEngineApp.obj
         ..\Obj\Debug\RSEngine\RSOgreHandler.obj
       Manifest:
         C:\Program Files (x86)\Microsoft SDKs\Windows\v7.0A\bin\mt.exe /nologo /verbose /out:"..\Obj\Debug\RSEngine\RSEngine.exe.embed.manifest" /manifest ..\Obj\Debug\RSEngine\RSEngine.exe.intermediate.manifest
         C:\Program Files (x86)\Microsoft SDKs\Windows\v7.0A\bin\rc.exe /nologo /fo"..\Obj\Debug\RSEngine\RSEngine.exe.embed.manifest.res" ..\Obj\Debug\RSEngine\RSEngine_manifest.rc 
       LinkEmbedManifest:
         C:\Program Files (x86)\Microsoft Visual Studio 10.0\VC\bin\link.exe /ERRORREPORT:PROMPT /OUT:"..\build\Debug\RSEngine.exe" /INCREMENTAL /NOLOGO /LIBPATH:"C:\Users\Ashish\Documents\Visual Studio 2010\Projects\RSEngine\lib\debug" OgreMain_d.lib OIS_d.lib kernel32.lib user32.lib gdi32.lib winspool.lib comdlg32.lib advapi32.lib shell32.lib ole32.lib oleaut32.lib uuid.lib odbc32.lib odbccp32.lib /MANIFEST /ManifestFile:"..\Obj\Debug\RSEngine\RSEngine.exe.intermediate.manifest" /MANIFESTUAC:"level='asInvoker' uiAccess='false'" /DEBUG /PDB:"C:\Users\Ashish\documents\visual studio 2010\Projects\RSEngine\build\Debug\RSEngine.pdb" /SUBSYSTEM:CONSOLE /TLBID:1 /DYNAMICBASE /NXCOMPAT /IMPLIB:"..\build\Debug\RSEngine.lib" /MACHINE:X86 ..\Obj\Debug\RSEngine\RSEngine.exe.embed.manifest.res
         ..\Obj\Debug\RSEngine\CheckGameApp.obj
         ..\Obj\Debug\RSEngine\CheckScene.obj
         ..\Obj\Debug\RSEngine\main.obj
         ..\Obj\Debug\RSEngine\RSApplicationLayer.obj
         ..\Obj\Debug\RSEngine\RSEngineApp.obj
         ..\Obj\Debug\RSEngine\RSOgreHandler.obj
         RSEngine.vcxproj -> C:\Users\Ashish\documents\visual studio 2010\Projects\RSEngine\RSEngine\..\build\Debug\RSEngine.exe
       FinalizeBuildStatus:
         Deleting file "..\Obj\Debug\RSEngine\RSEngine.unsuccessfulbuild".
         Touching "..\Obj\Debug\RSEngine\RSEngine.lastbuildstate".
     1>Done Building Project "C:\Users\Ashish\documents\visual studio 2010\Projects\RSEngine\RSEngine\RSEngine.vcxproj" (build target(s)).

Build succeeded.

Time Elapsed 00:00:57.60
