..\build\Debug\RSEngine.ilk
..\build\Debug\RSEngine.pdb
C:\USERS\ASHISH\DOCUMENTS\VISUAL STUDIO 2010\PROJECTS\RSENGINE\BUILD\DEBUG\RSENGINE.EXE
C:\USERS\ASHISH\DOCUMENTS\VISUAL STUDIO 2010\PROJECTS\RSENGINE\BUILD\DEBUG\RSENGINE.ILK
C:\USERS\ASHISH\DOCUMENTS\VISUAL STUDIO 2010\PROJECTS\RSENGINE\BUILD\DEBUG\RSENGINE.PDB
C:\USERS\ASHISH\DOCUMENTS\VISUAL STUDIO 2010\PROJECTS\RSENGINE\OBJ\DEBUG\RSENGINE\CHECKGAMEAPP.OBJ
C:\USERS\ASHISH\DOCUMENTS\VISUAL STUDIO 2010\PROJECTS\RSENGINE\OBJ\DEBUG\RSENGINE\CHECKSCENE.OBJ
C:\Users\Ashish\documents\visual studio 2010\Projects\RSEngine\Obj\Debug\RSEngine\cl.command.1.tlog
C:\Users\Ashish\documents\visual studio 2010\Projects\RSEngine\Obj\Debug\RSEngine\CL.read.1.tlog
C:\Users\Ashish\documents\visual studio 2010\Projects\RSEngine\Obj\Debug\RSEngine\CL.write.1.tlog
C:\Users\Ashish\documents\visual studio 2010\Projects\RSEngine\Obj\Debug\RSEngine\link.1924.read.1.tlog
C:\Users\Ashish\documents\visual studio 2010\Projects\RSEngine\Obj\Debug\RSEngine\link.1924.write.1.tlog
C:\Users\Ashish\documents\visual studio 2010\Projects\RSEngine\Obj\Debug\RSEngine\link.1924-cvtres.read.1.tlog
C:\Users\Ashish\documents\visual studio 2010\Projects\RSEngine\Obj\Debug\RSEngine\link.1924-cvtres.write.1.tlog
C:\Users\Ashish\documents\visual studio 2010\Projects\RSEngine\Obj\Debug\RSEngine\link.2144.read.1.tlog
C:\Users\Ashish\documents\visual studio 2010\Projects\RSEngine\Obj\Debug\RSEngine\link.2144.write.1.tlog
C:\Users\Ashish\documents\visual studio 2010\Projects\RSEngine\Obj\Debug\RSEngine\link.2144-cvtres.read.1.tlog
C:\Users\Ashish\documents\visual studio 2010\Projects\RSEngine\Obj\Debug\RSEngine\link.2144-cvtres.write.1.tlog
C:\Users\Ashish\documents\visual studio 2010\Projects\RSEngine\Obj\Debug\RSEngine\link.3104.read.1.tlog
C:\Users\Ashish\documents\visual studio 2010\Projects\RSEngine\Obj\Debug\RSEngine\link.3104.write.1.tlog
C:\Users\Ashish\documents\visual studio 2010\Projects\RSEngine\Obj\Debug\RSEngine\link.3104-cvtres.read.1.tlog
C:\Users\Ashish\documents\visual studio 2010\Projects\RSEngine\Obj\Debug\RSEngine\link.3104-cvtres.write.1.tlog
C:\Users\Ashish\documents\visual studio 2010\Projects\RSEngine\Obj\Debug\RSEngine\link.3640.read.1.tlog
C:\Users\Ashish\documents\visual studio 2010\Projects\RSEngine\Obj\Debug\RSEngine\link.3640.write.1.tlog
C:\Users\Ashish\documents\visual studio 2010\Projects\RSEngine\Obj\Debug\RSEngine\link.3640-cvtres.read.1.tlog
C:\Users\Ashish\documents\visual studio 2010\Projects\RSEngine\Obj\Debug\RSEngine\link.3640-cvtres.write.1.tlog
C:\Users\Ashish\documents\visual studio 2010\Projects\RSEngine\Obj\Debug\RSEngine\link.3908.read.1.tlog
C:\Users\Ashish\documents\visual studio 2010\Projects\RSEngine\Obj\Debug\RSEngine\link.3908.write.1.tlog
C:\Users\Ashish\documents\visual studio 2010\Projects\RSEngine\Obj\Debug\RSEngine\link.3908-cvtres.read.1.tlog
C:\Users\Ashish\documents\visual studio 2010\Projects\RSEngine\Obj\Debug\RSEngine\link.3908-cvtres.write.1.tlog
C:\Users\Ashish\documents\visual studio 2010\Projects\RSEngine\Obj\Debug\RSEngine\link.4952.read.1.tlog
C:\Users\Ashish\documents\visual studio 2010\Projects\RSEngine\Obj\Debug\RSEngine\link.4952.write.1.tlog
C:\Users\Ashish\documents\visual studio 2010\Projects\RSEngine\Obj\Debug\RSEngine\link.4952-cvtres.read.1.tlog
C:\Users\Ashish\documents\visual studio 2010\Projects\RSEngine\Obj\Debug\RSEngine\link.4952-cvtres.write.1.tlog
C:\Users\Ashish\documents\visual studio 2010\Projects\RSEngine\Obj\Debug\RSEngine\link.5204.read.1.tlog
C:\Users\Ashish\documents\visual studio 2010\Projects\RSEngine\Obj\Debug\RSEngine\link.5204.write.1.tlog
C:\Users\Ashish\documents\visual studio 2010\Projects\RSEngine\Obj\Debug\RSEngine\link.5204-cvtres.read.1.tlog
C:\Users\Ashish\documents\visual studio 2010\Projects\RSEngine\Obj\Debug\RSEngine\link.5204-cvtres.write.1.tlog
C:\Users\Ashish\documents\visual studio 2010\Projects\RSEngine\Obj\Debug\RSEngine\link.5356.read.1.tlog
C:\Users\Ashish\documents\visual studio 2010\Projects\RSEngine\Obj\Debug\RSEngine\link.5356.write.1.tlog
C:\Users\Ashish\documents\visual studio 2010\Projects\RSEngine\Obj\Debug\RSEngine\link.5356-cvtres.read.1.tlog
C:\Users\Ashish\documents\visual studio 2010\Projects\RSEngine\Obj\Debug\RSEngine\link.5356-cvtres.write.1.tlog
C:\Users\Ashish\documents\visual studio 2010\Projects\RSEngine\Obj\Debug\RSEngine\link.5688.read.1.tlog
C:\Users\Ashish\documents\visual studio 2010\Projects\RSEngine\Obj\Debug\RSEngine\link.5688.write.1.tlog
C:\Users\Ashish\documents\visual studio 2010\Projects\RSEngine\Obj\Debug\RSEngine\link.5688-cvtres.read.1.tlog
C:\Users\Ashish\documents\visual studio 2010\Projects\RSEngine\Obj\Debug\RSEngine\link.5688-cvtres.write.1.tlog
C:\Users\Ashish\documents\visual studio 2010\Projects\RSEngine\Obj\Debug\RSEngine\link.5848.read.1.tlog
C:\Users\Ashish\documents\visual studio 2010\Projects\RSEngine\Obj\Debug\RSEngine\link.5848.write.1.tlog
C:\Users\Ashish\documents\visual studio 2010\Projects\RSEngine\Obj\Debug\RSEngine\link.5848-cvtres.read.1.tlog
C:\Users\Ashish\documents\visual studio 2010\Projects\RSEngine\Obj\Debug\RSEngine\link.5848-cvtres.write.1.tlog
C:\Users\Ashish\documents\visual studio 2010\Projects\RSEngine\Obj\Debug\RSEngine\link.6796.read.1.tlog
C:\Users\Ashish\documents\visual studio 2010\Projects\RSEngine\Obj\Debug\RSEngine\link.6796.write.1.tlog
C:\Users\Ashish\documents\visual studio 2010\Projects\RSEngine\Obj\Debug\RSEngine\link.6796-cvtres.read.1.tlog
C:\Users\Ashish\documents\visual studio 2010\Projects\RSEngine\Obj\Debug\RSEngine\link.6796-cvtres.write.1.tlog
C:\Users\Ashish\documents\visual studio 2010\Projects\RSEngine\Obj\Debug\RSEngine\link.command.1.tlog
C:\Users\Ashish\documents\visual studio 2010\Projects\RSEngine\Obj\Debug\RSEngine\link.read.1.tlog
C:\Users\Ashish\documents\visual studio 2010\Projects\RSEngine\Obj\Debug\RSEngine\link.write.1.tlog
C:\Users\Ashish\documents\visual studio 2010\Projects\RSEngine\Obj\Debug\RSEngine\link-cvtres.read.1.tlog
C:\Users\Ashish\documents\visual studio 2010\Projects\RSEngine\Obj\Debug\RSEngine\link-cvtres.write.1.tlog
C:\USERS\ASHISH\DOCUMENTS\VISUAL STUDIO 2010\PROJECTS\RSENGINE\OBJ\DEBUG\RSENGINE\MAIN.OBJ
C:\Users\Ashish\documents\visual studio 2010\Projects\RSEngine\Obj\Debug\RSEngine\mt.command.1.tlog
C:\Users\Ashish\documents\visual studio 2010\Projects\RSEngine\Obj\Debug\RSEngine\mt.read.1.tlog
C:\Users\Ashish\documents\visual studio 2010\Projects\RSEngine\Obj\Debug\RSEngine\mt.write.1.tlog
C:\Users\Ashish\documents\visual studio 2010\Projects\RSEngine\Obj\Debug\RSEngine\rc.command.1.tlog
C:\Users\Ashish\documents\visual studio 2010\Projects\RSEngine\Obj\Debug\RSEngine\rc.read.1.tlog
C:\Users\Ashish\documents\visual studio 2010\Projects\RSEngine\Obj\Debug\RSEngine\rc.write.1.tlog
C:\USERS\ASHISH\DOCUMENTS\VISUAL STUDIO 2010\PROJECTS\RSENGINE\OBJ\DEBUG\RSENGINE\RSENGINE.EXE.EMBED.MANIFEST
C:\USERS\ASHISH\DOCUMENTS\VISUAL STUDIO 2010\PROJECTS\RSENGINE\OBJ\DEBUG\RSENGINE\RSENGINE.EXE.EMBED.MANIFEST.RES
C:\USERS\ASHISH\DOCUMENTS\VISUAL STUDIO 2010\PROJECTS\RSENGINE\OBJ\DEBUG\RSENGINE\RSENGINE.EXE.INTERMEDIATE.MANIFEST
C:\Users\Ashish\documents\visual studio 2010\Projects\RSEngine\Obj\Debug\RSEngine\RSEngine_manifest.rc
C:\USERS\ASHISH\DOCUMENTS\VISUAL STUDIO 2010\PROJECTS\RSENGINE\OBJ\DEBUG\RSENGINE\RSENGINEAPP.OBJ
C:\USERS\ASHISH\DOCUMENTS\VISUAL STUDIO 2010\PROJECTS\RSENGINE\OBJ\DEBUG\RSENGINE\RSOGREHANDLER.OBJ
C:\Users\Ashish\documents\visual studio 2010\Projects\RSEngine\Obj\Debug\RSEngine\vc100.idb
C:\USERS\ASHISH\DOCUMENTS\VISUAL STUDIO 2010\PROJECTS\RSENGINE\OBJ\DEBUG\RSENGINE\VC100.PDB
C:\Users\Ashish\documents\visual studio 2010\Projects\RSEngine\RSEngine\..\build\Debug\RSEngine.exe
